c:\users\ural kemal\documents\github\crossroad\roadcrossing\x64\debug\vc142.pdb
c:\users\ural kemal\documents\github\crossroad\roadcrossing\x64\debug\vc142.idb
c:\users\ural kemal\documents\github\crossroad\roadcrossing\x64\debug\main.obj
c:\users\ural kemal\documents\github\crossroad\roadcrossing\x64\debug\game.obj
c:\users\ural kemal\documents\github\crossroad\roadcrossing\x64\debug\cvehicle.obj
c:\users\ural kemal\documents\github\crossroad\roadcrossing\x64\debug\cpeople.obj
c:\users\ural kemal\documents\github\crossroad\roadcrossing\x64\debug\canimal.obj
c:\users\ural kemal\documents\github\crossroad\x64\debug\roadcrossing.pdb
c:\users\ural kemal\documents\github\crossroad\roadcrossing\x64\debug\roadcrossing.tlog\cl.command.1.tlog
c:\users\ural kemal\documents\github\crossroad\roadcrossing\x64\debug\roadcrossing.tlog\cl.read.1.tlog
c:\users\ural kemal\documents\github\crossroad\roadcrossing\x64\debug\roadcrossing.tlog\cl.write.1.tlog
c:\users\ural kemal\documents\github\crossroad\roadcrossing\x64\debug\roadcrossing.tlog\link-cvtres.read.1.tlog
c:\users\ural kemal\documents\github\crossroad\roadcrossing\x64\debug\roadcrossing.tlog\link-cvtres.write.1.tlog
c:\users\ural kemal\documents\github\crossroad\roadcrossing\x64\debug\roadcrossing.tlog\link-rc.read.1.tlog
c:\users\ural kemal\documents\github\crossroad\roadcrossing\x64\debug\roadcrossing.tlog\link-rc.write.1.tlog
c:\users\ural kemal\documents\github\crossroad\roadcrossing\x64\debug\roadcrossing.tlog\link.23656-cvtres.read.1.tlog
c:\users\ural kemal\documents\github\crossroad\roadcrossing\x64\debug\roadcrossing.tlog\link.23656-cvtres.write.1.tlog
c:\users\ural kemal\documents\github\crossroad\roadcrossing\x64\debug\roadcrossing.tlog\link.23656-rc.read.1.tlog
c:\users\ural kemal\documents\github\crossroad\roadcrossing\x64\debug\roadcrossing.tlog\link.23656-rc.write.1.tlog
c:\users\ural kemal\documents\github\crossroad\roadcrossing\x64\debug\roadcrossing.tlog\link.23656.read.1.tlog
c:\users\ural kemal\documents\github\crossroad\roadcrossing\x64\debug\roadcrossing.tlog\link.23656.write.1.tlog
c:\users\ural kemal\documents\github\crossroad\roadcrossing\x64\debug\roadcrossing.tlog\link.command.1.tlog
c:\users\ural kemal\documents\github\crossroad\roadcrossing\x64\debug\roadcrossing.tlog\link.read.1.tlog
c:\users\ural kemal\documents\github\crossroad\roadcrossing\x64\debug\roadcrossing.tlog\link.write.1.tlog
